[INFO: General] No valid vk_loader_settings.json file found, no loader settings will be active
[INFO: General] Portability enumeration bit was set, enumerating portability drivers.
[INFO: General] Searching for implicit layer manifest files
[INFO: General]    In following locations:
[INFO: General]       /home/torani/.config/vulkan/implicit_layer.d
[INFO: General]       /etc/xdg/vulkan/implicit_layer.d
[INFO: General]       /etc/vulkan/implicit_layer.d
[INFO: General]       /home/torani/.local/share/vulkan/implicit_layer.d
[INFO: General]       /usr/local/share/vulkan/implicit_layer.d
[INFO: General]       /usr/share/vulkan/implicit_layer.d
[INFO: General]    Found the following files:
[INFO: General]       /etc/vulkan/implicit_layer.d/renderdoc_capture.json
[INFO: General]       /usr/share/vulkan/implicit_layer.d/nvidia_layers.json
[INFO: General] Found manifest file /etc/vulkan/implicit_layer.d/renderdoc_capture.json (file version 1.1.2)
[INFO: General] Found manifest file /usr/share/vulkan/implicit_layer.d/nvidia_layers.json (file version 1.0.1)
[INFO: General] Searching for explicit layer manifest files
[INFO: General]    In following locations:
[INFO: General]       /home/torani/.config/vulkan/explicit_layer.d
[INFO: General]       /etc/xdg/vulkan/explicit_layer.d
[INFO: General]       /etc/vulkan/explicit_layer.d
[INFO: General]       /home/torani/.local/share/vulkan/explicit_layer.d
[INFO: General]       /usr/local/share/vulkan/explicit_layer.d
[INFO: General]       /usr/share/vulkan/explicit_layer.d
[INFO: General]    Found the following files:
[INFO: General]       /usr/share/vulkan/explicit_layer.d/VkLayer_api_dump.json
[INFO: General]       /usr/share/vulkan/explicit_layer.d/VkLayer_monitor.json
[INFO: General]       /usr/share/vulkan/explicit_layer.d/VkLayer_screenshot.json
[INFO: General]       /usr/share/vulkan/explicit_layer.d/VkLayer_khronos_validation.json
[INFO: General] Found manifest file /usr/share/vulkan/explicit_layer.d/VkLayer_api_dump.json (file version 1.2.0)
[INFO: General] Found manifest file /usr/share/vulkan/explicit_layer.d/VkLayer_monitor.json (file version 1.0.0)
[INFO: General] Found manifest file /usr/share/vulkan/explicit_layer.d/VkLayer_screenshot.json (file version 1.2.0)
[INFO: General] Found manifest file /usr/share/vulkan/explicit_layer.d/VkLayer_khronos_validation.json (file version 1.2.0)
[INFO: General] Searching for driver manifest files
[INFO: General]    In following locations:
[INFO: General]       /home/torani/.config/vulkan/icd.d
[INFO: General]       /etc/xdg/vulkan/icd.d
[INFO: General]       /etc/vulkan/icd.d
[INFO: General]       /home/torani/.local/share/vulkan/icd.d
[INFO: General]       /usr/local/share/vulkan/icd.d
[INFO: General]       /usr/share/vulkan/icd.d
[INFO: General]    Found the following files:
[INFO: General]       /usr/share/vulkan/icd.d/nvidia_icd.json
[INFO: General] Found ICD manifest file /usr/share/vulkan/icd.d/nvidia_icd.json, version 1.0.1
[INFO: General] Insert instance layer "VK_LAYER_KHRONOS_validation" (libVkLayer_khronos_validation.so)
[INFO: General] vkCreateInstance layer callstack setup to:
[INFO: General]    <Application>
[INFO: General]      ||
[INFO: General]    <Loader>
[INFO: General]      ||
[INFO: General]    VK_LAYER_KHRONOS_validation
[INFO: General]            Type: Explicit
[INFO: General]            Enabled By: By the Application
[INFO: General]            Manifest: /usr/share/vulkan/explicit_layer.d/VkLayer_khronos_validation.json
[INFO: General]            Library:  libVkLayer_khronos_validation.so
[INFO: General]      ||
[INFO: General]    <Drivers>
[WARNING: Validation] VALIDATION-SETTINGS - vkCreateInstance(): DebugPrintf logs to the Information message severity, enabling Information level logging otherwise the message will not be seen.
[WARNING: Validation] VALIDATION-SETTINGS - vkCreateInstance(): DebugPrintf logs can possibly print many times, but duplicate_message_limit is set to 0, setting enable_message_limit to false so all logs are printed.
[WARNING: Validation] BestPractices-specialuse-extension - vkCreateInstance(): Attempting to enable extension VK_EXT_debug_utils, but this extension is intended to support use by applications when debugging and it is strongly recommended that it be otherwise avoided.
[INFO: Validation] WARNING-CreateInstance-status-message - vkCreateInstance(): Khronos Validation Layer Active:
    Current Enables: VK_VALIDATION_FEATURE_ENABLE_BEST_PRACTICES_EXT, VK_VALIDATION_FEATURE_ENABLE_DEBUG_PRINTF_EXT, VK_VALIDATION_FEATURE_ENABLE_SYNCHRONIZATION_VALIDATION_EXT.
    Current Disables: None.

[INFO: General] linux_read_sorted_physical_devices:
[INFO: General]      Original order:
[INFO: General]            [0] NVIDIA GeForce RTX 3060 Laptop GPU
[INFO: General]      Sorted order:
[INFO: General]            [0] NVIDIA GeForce RTX 3060 Laptop GPU  
[INFO: General] linux_read_sorted_physical_devices:
[INFO: General]      Original order:
[INFO: General]            [0] NVIDIA GeForce RTX 3060 Laptop GPU
[INFO: General]      Sorted order:
[INFO: General]            [0] NVIDIA GeForce RTX 3060 Laptop GPU  
[INFO: General] linux_read_sorted_physical_devices:
[INFO: General]      Original order:
[INFO: General]            [0] NVIDIA GeForce RTX 3060 Laptop GPU
[INFO: General]      Sorted order:
[INFO: General]            [0] NVIDIA GeForce RTX 3060 Laptop GPU  
[INFO: General] linux_read_sorted_physical_devices:
[INFO: General]      Original order:
[INFO: General]            [0] NVIDIA GeForce RTX 3060 Laptop GPU
[INFO: General]      Sorted order:
[INFO: General]            [0] NVIDIA GeForce RTX 3060 Laptop GPU  
[INFO: General] linux_read_sorted_physical_devices:
[INFO: General]      Original order:
[INFO: General]            [0] NVIDIA GeForce RTX 3060 Laptop GPU
[INFO: General]      Sorted order:
[INFO: General]            [0] NVIDIA GeForce RTX 3060 Laptop GPU  
[INFO: General] linux_read_sorted_physical_devices:
[INFO: General]      Original order:
[INFO: General]            [0] NVIDIA GeForce RTX 3060 Laptop GPU
[INFO: General]      Sorted order:
[INFO: General]            [0] NVIDIA GeForce RTX 3060 Laptop GPU  
[INFO: General] linux_read_sorted_physical_devices:
[INFO: General]      Original order:
[INFO: General]            [0] NVIDIA GeForce RTX 3060 Laptop GPU
[INFO: General]      Sorted order:
[INFO: General]            [0] NVIDIA GeForce RTX 3060 Laptop GPU  
[INFO: General] linux_read_sorted_physical_devices:
[INFO: General]      Original order:
[INFO: General]            [0] NVIDIA GeForce RTX 3060 Laptop GPU
[INFO: General]      Sorted order:
[INFO: General]            [0] NVIDIA GeForce RTX 3060 Laptop GPU  
[INFO: General] linux_read_sorted_physical_devices:
[INFO: General]      Original order:
[INFO: General]            [0] NVIDIA GeForce RTX 3060 Laptop GPU
[INFO: General]      Sorted order:
[INFO: General]            [0] NVIDIA GeForce RTX 3060 Laptop GPU  
[INFO: General] linux_read_sorted_physical_devices:
[INFO: General]      Original order:
[INFO: General]            [0] NVIDIA GeForce RTX 3060 Laptop GPU
[INFO: General]      Sorted order:
[INFO: General]            [0] NVIDIA GeForce RTX 3060 Laptop GPU  
[INFO: General] Inserted device layer "VK_LAYER_KHRONOS_validation" (libVkLayer_khronos_validation.so)
[INFO: General] vkCreateDevice layer callstack setup to:
[INFO: General]    <Application>
[INFO: General]      ||
[INFO: General]    <Loader>
[INFO: General]      ||
[INFO: General]    VK_LAYER_KHRONOS_validation
[INFO: General]            Type: Explicit
[INFO: General]            Enabled By: By the Application
[INFO: General]            Manifest: /usr/share/vulkan/explicit_layer.d/VkLayer_khronos_validation.json
[INFO: General]            Library:  libVkLayer_khronos_validation.so
[INFO: General]      ||
[INFO: General]    <Device>
[INFO: General]        Using "NVIDIA GeForce RTX 3060 Laptop GPU" with driver: "libGLX_nvidia.so.0"
[WARNING: Validation] WARNING-DEBUG-PRINTF - vkCreateDevice(): Internal Warning: VK_EXT_descriptor_buffer is enabled, but GPU-AV does not currently support validation of descriptor buffers. [Disabling all shader instrumentation checks]
[WARNING: Performance] vkCreateSwapchainKHR(): A Swapchain is being created with minImageCount set to 2, which means double buffering is going to be used. Using double buffering and vsync locks rendering to an integer fraction of the vsync rate. In turn, reducing the performance of the application if rendering is slower than vsync. Consider setting minImageCount to 3 to use triple buffering to maximize performance in such cases.
ranh cai con cac
